

Microchip MPLAB XC8 Assembler V2.45 build 20230818022343 
                                                                                               Tue Dec 05 05:56:15 2023

Microchip MPLAB XC8 C Compiler v2.45 (Free license) build 20230818022343 Og1 
     1                           	processor	16F628A
     2                           	pagewidth 120
     3                           	opt	flic
     4                           	psect	cinit,global,class=CODE,merge=1,delta=2
     5                           	psect	cstackCOMMON,global,class=COMMON,space=1,delta=1,noexec
     6                           	psect	maintext,global,class=CODE,split=1,delta=2
     7                           	psect	config,global,abs,ovrld,class=CONFIG,space=4,delta=2,noexec
     8                           	dabs	1,0x7E,2
     9     0000                     
    10                           ; Generated 17/08/2023 GMT
    11                           ; 
    12                           ; Copyright © 2023, Microchip Technology Inc. and its subsidiaries ("Microchip")
    13                           ; All rights reserved.
    14                           ; 
    15                           ; This software is developed by Microchip Technology Inc. and its subsidiaries ("Microch
      +                          ip").
    16                           ; 
    17                           ; Redistribution and use in source and binary forms, with or without modification, are
    18                           ; permitted provided that the following conditions are met:
    19                           ; 
    20                           ;     1. Redistributions of source code must retain the above copyright notice, this lis
      +                          t of
    21                           ;        conditions and the following disclaimer.
    22                           ; 
    23                           ;     2. Redistributions in binary form must reproduce the above copyright notice, this 
      +                          list
    24                           ;        of conditions and the following disclaimer in the documentation and/or other
    25                           ;        materials provided with the distribution. Publication is not required when
    26                           ;        this file is used in an embedded application.
    27                           ; 
    28                           ;     3. Microchip's name may not be used to endorse or promote products derived from th
      +                          is
    29                           ;        software without specific prior written permission.
    30                           ; 
    31                           ; THIS SOFTWARE IS PROVIDED BY MICROCHIP "AS IS" AND ANY EXPRESS OR IMPLIED WARRANTIES,
    32                           ; INCLUDING, BUT NOT LIMITED TO, THE IMPLIED WARRANTIES OF MERCHANTABILITY AND FITNESS F
      +                          OR
    33                           ; PURPOSE ARE DISCLAIMED.  IN NO EVENT SHALL MICROCHIP BE LIABLE FOR ANY DIRECT, INDIREC
      +                          T,
    34                           ; INCIDENTAL, SPECIAL, EXEMPLARY, OR CONSEQUENTIAL DAMAGES (INCLUDING BUT NOT LIMITED TO
    35                           ; PROCUREMENT OF SUBSTITUTE GOODS OR SERVICES; LOSS OF USE, DATA OR PROFITS; OR BUSINESS
    36                           ; INTERRUPTION) HOWSOEVER CAUSED AND ON ANY THEORY OF LIABILITY, WHETHER IN CONTRACT, ST
      +                          RICT
    37                           ; LIABILITY, OR TORT (INCLUDING NEGLIGENCE OR OTHERWISE) ARISING IN ANY WAY OUT OF THE U
      +                          SE OF
    38                           ; THIS SOFTWARE, EVEN IF ADVISED OF THE POSSIBILITY OF SUCH DAMAGE.
    39                           ; 
    40                           ; 
    41                           ; Code-generator required, PIC16F628A Definitions
    42                           ; 
    43                           ; SFR Addresses
    44     0000                     	;# 
    45     0001                     	;# 
    46     0002                     	;# 
    47     0003                     	;# 
    48     0004                     	;# 
    49     0005                     	;# 
    50     0006                     	;# 
    51     000A                     	;# 
    52     000B                     	;# 
    53     000C                     	;# 
    54     000E                     	;# 
    55     000E                     	;# 
    56     000F                     	;# 
    57     0010                     	;# 
    58     0011                     	;# 
    59     0012                     	;# 
    60     0015                     	;# 
    61     0015                     	;# 
    62     0016                     	;# 
    63     0017                     	;# 
    64     0018                     	;# 
    65     0019                     	;# 
    66     001A                     	;# 
    67     001F                     	;# 
    68     0081                     	;# 
    69     0085                     	;# 
    70     0086                     	;# 
    71     008C                     	;# 
    72     008E                     	;# 
    73     0092                     	;# 
    74     0098                     	;# 
    75     0099                     	;# 
    76     009A                     	;# 
    77     009B                     	;# 
    78     009C                     	;# 
    79     009D                     	;# 
    80     009F                     	;# 
    81     0000                     	;# 
    82     0001                     	;# 
    83     0002                     	;# 
    84     0003                     	;# 
    85     0004                     	;# 
    86     0005                     	;# 
    87     0006                     	;# 
    88     000A                     	;# 
    89     000B                     	;# 
    90     000C                     	;# 
    91     000E                     	;# 
    92     000E                     	;# 
    93     000F                     	;# 
    94     0010                     	;# 
    95     0011                     	;# 
    96     0012                     	;# 
    97     0015                     	;# 
    98     0015                     	;# 
    99     0016                     	;# 
   100     0017                     	;# 
   101     0018                     	;# 
   102     0019                     	;# 
   103     001A                     	;# 
   104     001F                     	;# 
   105     0081                     	;# 
   106     0085                     	;# 
   107     0086                     	;# 
   108     008C                     	;# 
   109     008E                     	;# 
   110     0092                     	;# 
   111     0098                     	;# 
   112     0099                     	;# 
   113     009A                     	;# 
   114     009B                     	;# 
   115     009C                     	;# 
   116     009D                     	;# 
   117     009F                     	;# 
   118     0006                     _PORTB	set	6
   119     0031                     _RB1	set	49
   120     0030                     _RB0	set	48
   121     0034                     _RB4	set	52
   122     008E                     _PCONbits	set	142
   123     0434                     _TRISB4	set	1076
   124     0431                     _TRISB1	set	1073
   125     0430                     _TRISB0	set	1072
   126                           
   127                           	psect	cinit
   128     07FE                     start_initialization:	
   129                           ; #config settings
   130                           
   131     07FE                     __initialization:
   132     07FE                     end_of_initialization:	
   133                           ;End of C runtime variable initialization code
   134                           
   135     07FE                     __end_of__initialization:
   136     07FE  0183               	clrf	3
   137     07FF  2FCF               	ljmp	_main	;jump to C main() function
   138                           
   139                           	psect	cstackCOMMON
   140     0070                     __pcstackCOMMON:
   141     0070                     ??_main:
   142     0070                     ?_main:	
   143                           ; 1 bytes @ 0x0
   144                           
   145                           
   146                           ; 2 bytes @ 0x0
   147     0070                     	ds	3
   148                           
   149                           	psect	maintext
   150     07CF                     __pmaintext:	
   151 ;;
   152 ;;Main: autosize = 0, tempsize = 3, incstack = 0, save=0
   153 ;;
   154 ;; *************** function _main *****************
   155 ;; Defined at:
   156 ;;		line 23 in file "CALAR_SAAT.c"
   157 ;; Parameters:    Size  Location     Type
   158 ;;		None
   159 ;; Auto vars:     Size  Location     Type
   160 ;;		None
   161 ;; Return value:  Size  Location     Type
   162 ;;                  2   22[None  ] int 
   163 ;; Registers used:
   164 ;;		wreg, status,2
   165 ;; Tracked objects:
   166 ;;		On entry : B00/0
   167 ;;		On exit  : 0/0
   168 ;;		Unchanged: 0/0
   169 ;; Data sizes:     COMMON   BANK0   BANK1   BANK2
   170 ;;      Params:         0       0       0       0
   171 ;;      Locals:         0       0       0       0
   172 ;;      Temps:          3       0       0       0
   173 ;;      Totals:         3       0       0       0
   174 ;;Total ram usage:        3 bytes
   175 ;; This function calls:
   176 ;;		Nothing
   177 ;; This function is called by:
   178 ;;		Startup code after reset
   179 ;; This function uses a non-reentrant model
   180 ;;
   181                           
   182     07CF                     _main:	
   183                           ;psect for function _main
   184                           
   185     07CF                     l572:	
   186                           ;incstack = 0
   187                           ; Regs used in _main: [wreg+status,2]
   188                           
   189                           
   190                           ;CALAR_SAAT.c: 24:     PCONbits.OSCF=1;
   191     07CF  1683               	bsf	3,5	;RP0=1, select bank1
   192     07D0  1303               	bcf	3,6	;RP1=0, select bank1
   193     07D1  158E               	bsf	14,3	;volatile
   194                           
   195                           ;CALAR_SAAT.c: 25:     TRISB0=0;
   196     07D2  1006               	bcf	6,0	;volatile
   197                           
   198                           ;CALAR_SAAT.c: 26:     TRISB1=0;
   199     07D3  1086               	bcf	6,1	;volatile
   200                           
   201                           ;CALAR_SAAT.c: 27:     TRISB4=1;
   202     07D4  1606               	bsf	6,4	;volatile
   203     07D5                     l23:	
   204                           ;CALAR_SAAT.c: 29:     while(1){
   205                           
   206                           
   207                           ;CALAR_SAAT.c: 30:         if(RB4){
   208     07D5  1283               	bcf	3,5	;RP0=0, select bank0
   209     07D6  1303               	bcf	3,6	;RP1=0, select bank0
   210     07D7  1E06               	btfss	6,4	;volatile
   211     07D8  2FDA               	goto	u11
   212     07D9  2FDB               	goto	u10
   213     07DA                     u11:
   214     07DA  2FFB               	goto	l580
   215     07DB                     u10:
   216     07DB                     l574:
   217                           
   218                           ;CALAR_SAAT.c: 31:           RB0=1;
   219     07DB  1406               	bsf	6,0	;volatile
   220                           
   221                           ;CALAR_SAAT.c: 32:         RB1=1;
   222     07DC  1486               	bsf	6,1	;volatile
   223     07DD                     l576:
   224                           
   225                           ;CALAR_SAAT.c: 33:         _delay((unsigned long)((500)*(4000000/4000.0)));
   226     07DD  3003               	movlw	3
   227     07DE  00F2               	movwf	??_main+2
   228     07DF  308A               	movlw	138
   229     07E0  00F1               	movwf	??_main+1
   230     07E1  3055               	movlw	85
   231     07E2  00F0               	movwf	??_main
   232     07E3                     u27:
   233     07E3  0BF0               	decfsz	??_main,f
   234     07E4  2FE3               	goto	u27
   235     07E5  0BF1               	decfsz	??_main+1,f
   236     07E6  2FE3               	goto	u27
   237     07E7  0BF2               	decfsz	??_main+2,f
   238     07E8  2FE3               	goto	u27
   239     07E9  2FEA               	nop2
   240     07EA                     l578:
   241                           
   242                           ;CALAR_SAAT.c: 34:         RB0=0;
   243     07EA  1283               	bcf	3,5	;RP0=0, select bank0
   244     07EB  1303               	bcf	3,6	;RP1=0, select bank0
   245     07EC  1006               	bcf	6,0	;volatile
   246                           
   247                           ;CALAR_SAAT.c: 35:         _delay((unsigned long)((500)*(4000000/4000.0)));
   248     07ED  3003               	movlw	3
   249     07EE  00F2               	movwf	??_main+2
   250     07EF  308A               	movlw	138
   251     07F0  00F1               	movwf	??_main+1
   252     07F1  3055               	movlw	85
   253     07F2  00F0               	movwf	??_main
   254     07F3                     u37:
   255     07F3  0BF0               	decfsz	??_main,f
   256     07F4  2FF3               	goto	u37
   257     07F5  0BF1               	decfsz	??_main+1,f
   258     07F6  2FF3               	goto	u37
   259     07F7  0BF2               	decfsz	??_main+2,f
   260     07F8  2FF3               	goto	u37
   261     07F9  2FFA               	nop2
   262                           
   263                           ;CALAR_SAAT.c: 36:         }
   264     07FA  2FD5               	goto	l23
   265     07FB                     l580:
   266                           
   267                           ;CALAR_SAAT.c: 38:             PORTB=0;
   268     07FB  0186               	clrf	6	;volatile
   269     07FC  2FD5               	goto	l23
   270     07FD  2800               	ljmp	start
   271     07FE                     __end_of_main:
   272     007E                     btemp	set	126	;btemp
   273     007E                     wtemp0	set	126
   274                           
   275                           	psect	config
   276                           
   277                           ;Config register CONFIG @ 0x2007
   278                           ;	Oscillator Selection bits
   279                           ;	FOSC = INTOSCIO, INTOSC oscillator: I/O function on RA6/OSC2/CLKOUT pin, I/O function 
      +                          on RA7/OSC1/CLKIN
   280                           ;	Watchdog Timer Enable bit
   281                           ;	WDTE = OFF, WDT disabled
   282                           ;	Power-up Timer Enable bit
   283                           ;	PWRTE = OFF, PWRT disabled
   284                           ;	RA5/MCLR/VPP Pin Function Select bit
   285                           ;	MCLRE = ON, RA5/MCLR/VPP pin function is MCLR
   286                           ;	Brown-out Detect Enable bit
   287                           ;	BOREN = OFF, BOD disabled
   288                           ;	Low-Voltage Programming Enable bit
   289                           ;	LVP = OFF, RB4/PGM pin has digital I/O function, HV on MCLR must be used for programmi
      +                          ng
   290                           ;	Data EE Memory Code Protection bit
   291                           ;	CPD = OFF, Data memory code protection off
   292                           ;	Flash Program Memory Code Protection bit
   293                           ;	CP = OFF, Code protection off
   294     2007                     	org	8199
   295     2007  3F38               	dw	16184

Data Sizes:
    Strings     0
    Constant    0
    Data        0
    BSS         0
    Persistent  0
    Stack       0

Auto Spaces:
    Space          Size  Autos    Used
    COMMON           14      3       3
    BANK0            80      0       0
    BANK1            80      0       0
    BANK2            48      0       0

Pointer List with Targets:

    None.

Critical Paths under _main in COMMON

    None.

Critical Paths under _main in BANK0

    None.

Critical Paths under _main in BANK1

    None.

Critical Paths under _main in BANK2

    None.

Call Graph Tables:

 ---------------------------------------------------------------------------------
 (Depth) Function   	        Calls       Base Space   Used Autos Params    Refs
 ---------------------------------------------------------------------------------
 (0) _main                                                 3     3      0       0
                                              0 COMMON     3     3      0
 ---------------------------------------------------------------------------------
 Estimated maximum stack depth 0
 ---------------------------------------------------------------------------------

 Call Graph Graphs:

 _main (ROOT)

 Address spaces:
Name               Size   Autos  Total    Cost      Usage
BITCOMMON            E      0       0       0        0.0%
EEDATA              80      0       0       0        0.0%
NULL                 0      0       0       0        0.0%
CODE                 0      0       0       0        0.0%
COMMON               E      3       3       1       21.4%
BITSFR0              0      0       0       1        0.0%
SFR0                 0      0       0       1        0.0%
BITSFR1              0      0       0       2        0.0%
SFR1                 0      0       0       2        0.0%
STACK                0      0       0       2        0.0%
BANK0               50      0       0       3        0.0%
BITSFR3              0      0       0       4        0.0%
SFR3                 0      0       0       4        0.0%
ABS                  0      0       0       4        0.0%
BITBANK0            50      0       0       5        0.0%
BITSFR2              0      0       0       5        0.0%
SFR2                 0      0       0       5        0.0%
BITBANK1            50      0       0       6        0.0%
BANK1               50      0       0       7        0.0%
BITBANK2            30      0       0       8        0.0%
BANK2               30      0       0       9        0.0%
DATA                 0      0       0      10        0.0%


Microchip Technology PIC Macro Assembler V2.45 build 20230818022343 
Symbol Table                                                                                   Tue Dec 05 05:56:15 2023

                     l23 07D5                       u10 07DB                       u11 07DA  
                     u27 07E3                       u37 07F3                      l580 07FB  
                    l572 07CF                      l574 07DB                      l576 07DD  
                    l578 07EA                      _RB0 0030                      _RB1 0031  
                    _RB4 0034                     _main 07CF                     btemp 007E  
                   start 0000                    ?_main 0070                    _PORTB 0006  
                  status 0003                    wtemp0 007E          __initialization 07FE  
           __end_of_main 07FE                   ??_main 0070                   _TRISB0 0430  
                 _TRISB1 0431                   _TRISB4 0434  __end_of__initialization 07FE  
         __pcstackCOMMON 0070               __pmaintext 07CF     end_of_initialization 07FE  
    start_initialization 07FE                ___latbits 0000                 _PCONbits 008E  
